>> Output directory created: runs/2026-01-10_14-09-29_N1000_S1000000_s1
0.010/1.0M | <k>=0.366 | tri#=     6 | Re(loop)=0.574 | d=1 corr=0.212  acc(rew)=0.186 | 14899 it/s | ETA 66s
0.020/1.0M | <k>=0.784 | tri#=    36 | Re(loop)=0.645 | d=1 corr=0.231  acc(rew)=0.216 | 13727 it/s | ETA 71s
0.030/1.0M | <k>=1.288 | tri#=   106 | Re(loop)=0.762 | d=1 corr=0.258  acc(rew)=0.258 | 12896 it/s | ETA 75s
0.040/1.0M | <k>=1.784 | tri#=   181 | Re(loop)=0.728 | d=1 corr=0.179  acc(rew)=0.275 | 12057 it/s | ETA 80s
0.050/1.0M | <k>=2.260 | tri#=   246 | Re(loop)=0.781 | d=1 corr=0.207  acc(rew)=0.291 | 11435 it/s | ETA 83s
0.060/1.0M | <k>=2.786 | tri#=   341 | Re(loop)=0.865 | d=1 corr=0.157  acc(rew)=0.310 | 10798 it/s | ETA 87s
0.070/1.0M | <k>=3.344 | tri#=   416 | Re(loop)=0.870 | d=1 corr=0.106  acc(rew)=0.344 | 10280 it/s | ETA 90s
0.080/1.0M | <k>=3.928 | tri#=   496 | Re(loop)=0.868 | d=1 corr=0.249  acc(rew)=0.368 | 9806 it/s | ETA 94s
0.090/1.0M | <k>=4.310 | tri#=   494 | Re(loop)=0.890 | d=1 corr=0.146  acc(rew)=0.322 | 9259 it/s | ETA 98s
0.100/1.0M | <k>=4.650 | tri#=   488 | Re(loop)=0.835 | d=1 corr=0.172  acc(rew)=0.301 | 8804 it/s | ETA 102s
0.110/1.0M | <k>=5.018 | tri#=   483 | Re(loop)=0.860 | d=1 corr=0.106  acc(rew)=0.319 | 8418 it/s | ETA 106s
0.120/1.0M | <k>=5.422 | tri#=   483 | Re(loop)=0.866 | d=1 corr=0.141  acc(rew)=0.319 | 8088 it/s | ETA 109s
0.130/1.0M | <k>=5.748 | tri#=   465 | Re(loop)=0.892 | d=1 corr=0.104  acc(rew)=0.277 | 7816 it/s | ETA 111s
0.140/1.0M | <k>=6.038 | tri#=   446 | Re(loop)=0.893 | d=1 corr=0.116  acc(rew)=0.286 | 7581 it/s | ETA 113s
0.150/1.0M | <k>=6.300 | tri#=   408 | Re(loop)=0.905 | d=1 corr=0.148  acc(rew)=0.260 | 7363 it/s | ETA 115s
0.160/1.0M | <k>=6.474 | tri#=   376 | Re(loop)=0.903 | d=1 corr=0.118  acc(rew)=0.254 | 7162 it/s | ETA 117s
0.170/1.0M | <k>=6.688 | tri#=   363 | Re(loop)=0.884 | d=1 corr=0.019  acc(rew)=0.238 | 6984 it/s | ETA 119s
0.180/1.0M | <k>=6.900 | tri#=   337 | Re(loop)=0.872 | d=1 corr=0.088  acc(rew)=0.226 | 6828 it/s | ETA 120s
0.190/1.0M | <k>=7.078 | tri#=   304 | Re(loop)=0.901 | d=1 corr=0.108  acc(rew)=0.224 | 6685 it/s | ETA 121s
0.200/1.0M | <k>=7.242 | tri#=   273 | Re(loop)=0.876 | d=1 corr=0.115  acc(rew)=0.256 | 6553 it/s | ETA 122s
0.210/1.0M | <k>=7.438 | tri#=   254 | Re(loop)=0.875 | d=1 corr=0.048  acc(rew)=0.243 | 6435 it/s | ETA 123s
0.220/1.0M | <k>=7.566 | tri#=   222 | Re(loop)=0.889 | d=1 corr=0.037  acc(rew)=0.197 | 6322 it/s | ETA 123s
0.230/1.0M | <k>=7.708 | tri#=   199 | Re(loop)=0.891 | d=1 corr=0.034  acc(rew)=0.197 | 6223 it/s | ETA 124s
0.240/1.0M | <k>=7.794 | tri#=   178 | Re(loop)=0.891 | d=1 corr=0.069  acc(rew)=0.203 | 6127 it/s | ETA 124s
0.250/1.0M | <k>=7.844 | tri#=   162 | Re(loop)=0.888 | d=1 corr=0.103  acc(rew)=0.210 | 6040 it/s | ETA 124s
0.260/1.0M | <k>=7.922 | tri#=   151 | Re(loop)=0.918 | d=1 corr=0.037  acc(rew)=0.203 | 5958 it/s | ETA 124s
0.270/1.0M | <k>=7.980 | tri#=   138 | Re(loop)=0.884 | d=1 corr=0.075  acc(rew)=0.209 | 5870 it/s | ETA 124s
0.280/1.0M | <k>=8.038 | tri#=   115 | Re(loop)=0.874 | d=1 corr=0.134  acc(rew)=0.198 | 5783 it/s | ETA 124s
0.290/1.0M | <k>=8.130 | tri#=   105 | Re(loop)=0.890 | d=1 corr=-0.027  acc(rew)=0.180 | 5697 it/s | ETA 125s
0.300/1.0M | <k>=8.166 | tri#=    97 | Re(loop)=0.898 | d=1 corr=0.095  acc(rew)=0.204 | 5616 it/s | ETA 125s
0.310/1.0M | <k>=8.208 | tri#=    94 | Re(loop)=0.865 | d=1 corr=0.122  acc(rew)=0.191 | 5541 it/s | ETA 125s
0.320/1.0M | <k>=8.244 | tri#=    81 | Re(loop)=0.863 | d=1 corr=0.088  acc(rew)=0.178 | 5471 it/s | ETA 124s
0.330/1.0M | <k>=8.286 | tri#=    74 | Re(loop)=0.871 | d=1 corr=0.088  acc(rew)=0.209 | 5410 it/s | ETA 124s
0.340/1.0M | <k>=8.272 | tri#=    71 | Re(loop)=0.894 | d=1 corr=0.105  acc(rew)=0.173 | 5354 it/s | ETA 123s
0.350/1.0M | <k>=8.276 | tri#=    67 | Re(loop)=0.903 | d=1 corr=0.057  acc(rew)=0.158 | 5301 it/s | ETA 123s
0.360/1.0M | <k>=8.344 | tri#=    66 | Re(loop)=0.883 | d=1 corr=0.065  acc(rew)=0.175 | 5253 it/s | ETA 122s
0.370/1.0M | <k>=8.324 | tri#=    59 | Re(loop)=0.861 | d=1 corr=-0.002  acc(rew)=0.182 | 5204 it/s | ETA 121s
0.380/1.0M | <k>=8.318 | tri#=    50 | Re(loop)=0.922 | d=1 corr=0.064  acc(rew)=0.163 | 5163 it/s | ETA 120s
0.390/1.0M | <k>=8.306 | tri#=    43 | Re(loop)=0.903 | d=1 corr=0.101  acc(rew)=0.166 | 5122 it/s | ETA 119s
0.400/1.0M | <k>=8.286 | tri#=    36 | Re(loop)=0.891 | d=1 corr=0.146  acc(rew)=0.192 | 5086 it/s | ETA 118s
0.410/1.0M | <k>=8.314 | tri#=    38 | Re(loop)=0.859 | d=1 corr=0.149  acc(rew)=0.197 | 5049 it/s | ETA 117s
0.420/1.0M | <k>=8.330 | tri#=    32 | Re(loop)=0.884 | d=1 corr=0.022  acc(rew)=0.183 | 5017 it/s | ETA 116s
0.430/1.0M | <k>=8.362 | tri#=    32 | Re(loop)=0.842 | d=1 corr=0.073  acc(rew)=0.166 | 4985 it/s | ETA 114s
0.440/1.0M | <k>=8.424 | tri#=    31 | Re(loop)=0.813 | d=1 corr=0.093  acc(rew)=0.210 | 4949 it/s | ETA 113s
0.450/1.0M | <k>=8.440 | tri#=    27 | Re(loop)=0.848 | d=1 corr=0.047  acc(rew)=0.188 | 4918 it/s | ETA 112s
0.460/1.0M | <k>=8.432 | tri#=    24 | Re(loop)=0.900 | d=1 corr=0.141  acc(rew)=0.197 | 4890 it/s | ETA 110s
0.470/1.0M | <k>=8.440 | tri#=    24 | Re(loop)=0.916 | d=1 corr=-0.022  acc(rew)=0.193 | 4865 it/s | ETA 109s
0.480/1.0M | <k>=8.404 | tri#=    23 | Re(loop)=0.917 | d=1 corr=0.079  acc(rew)=0.172 | 4839 it/s | ETA 107s
0.490/1.0M | <k>=8.436 | tri#=    23 | Re(loop)=0.916 | d=1 corr=0.066  acc(rew)=0.188 | 4818 it/s | ETA 106s
0.500/1.0M | <k>=8.428 | tri#=    23 | Re(loop)=0.896 | d=1 corr=0.017  acc(rew)=0.181 | 4798 it/s | ETA 104s
0.510/1.0M | <k>=8.440 | tri#=    23 | Re(loop)=0.863 | d=1 corr=0.103  acc(rew)=0.172 | 4775 it/s | ETA 103s
0.520/1.0M | <k>=8.424 | tri#=    23 | Re(loop)=0.913 | d=1 corr=0.014  acc(rew)=0.190 | 4756 it/s | ETA 101s
0.530/1.0M | <k>=8.454 | tri#=    21 | Re(loop)=0.944 | d=1 corr=-0.023  acc(rew)=0.176 | 4739 it/s | ETA 99s
0.540/1.0M | <k>=8.494 | tri#=    25 | Re(loop)=0.915 | d=1 corr=0.114  acc(rew)=0.171 | 4722 it/s | ETA 97s
0.550/1.0M | <k>=8.466 | tri#=    21 | Re(loop)=0.887 | d=1 corr=0.098  acc(rew)=0.184 | 4704 it/s | ETA 96s
0.560/1.0M | <k>=8.450 | tri#=    19 | Re(loop)=0.885 | d=1 corr=0.050  acc(rew)=0.168 | 4687 it/s | ETA 94s
0.570/1.0M | <k>=8.466 | tri#=    24 | Re(loop)=0.846 | d=1 corr=0.150  acc(rew)=0.164 | 4670 it/s | ETA 92s
0.580/1.0M | <k>=8.458 | tri#=    23 | Re(loop)=0.878 | d=1 corr=0.055  acc(rew)=0.172 | 4654 it/s | ETA 90s
0.590/1.0M | <k>=8.440 | tri#=    19 | Re(loop)=0.927 | d=1 corr=0.113  acc(rew)=0.173 | 4642 it/s | ETA 88s
0.600/1.0M | <k>=8.434 | tri#=    19 | Re(loop)=0.907 | d=1 corr=0.023  acc(rew)=0.178 | 4627 it/s | ETA 86s
0.610/1.0M | <k>=8.460 | tri#=    19 | Re(loop)=0.900 | d=1 corr=-0.008  acc(rew)=0.187 | 4615 it/s | ETA 85s
0.620/1.0M | <k>=8.460 | tri#=    18 | Re(loop)=0.881 | d=1 corr=0.083  acc(rew)=0.168 | 4603 it/s | ETA 83s
0.630/1.0M | <k>=8.432 | tri#=    16 | Re(loop)=0.910 | d=1 corr=0.101  acc(rew)=0.178 | 4591 it/s | ETA 81s
0.640/1.0M | <k>=8.430 | tri#=    16 | Re(loop)=0.882 | d=1 corr=0.105  acc(rew)=0.187 | 4579 it/s | ETA 79s
0.650/1.0M | <k>=8.442 | tri#=    15 | Re(loop)=0.908 | d=1 corr=0.141  acc(rew)=0.156 | 4569 it/s | ETA 77s
0.660/1.0M | <k>=8.432 | tri#=    15 | Re(loop)=0.932 | d=1 corr=0.057  acc(rew)=0.188 | 4556 it/s | ETA 75s
0.670/1.0M | <k>=8.440 | tri#=    14 | Re(loop)=0.946 | d=1 corr=0.020  acc(rew)=0.168 | 4544 it/s | ETA 73s
0.680/1.0M | <k>=8.462 | tri#=    15 | Re(loop)=0.892 | d=1 corr=0.117  acc(rew)=0.212 | 4531 it/s | ETA 71s
0.690/1.0M | <k>=8.450 | tri#=    15 | Re(loop)=0.857 | d=1 corr=0.133  acc(rew)=0.162 | 4519 it/s | ETA 69s
0.700/1.0M | <k>=8.458 | tri#=    12 | Re(loop)=0.877 | d=1 corr=0.040  acc(rew)=0.165 | 4506 it/s | ETA 67s
0.710/1.0M | <k>=8.476 | tri#=    16 | Re(loop)=0.905 | d=1 corr=0.080  acc(rew)=0.179 | 4496 it/s | ETA 64s
0.720/1.0M | <k>=8.440 | tri#=    16 | Re(loop)=0.908 | d=1 corr=0.086  acc(rew)=0.177 | 4486 it/s | ETA 62s
0.730/1.0M | <k>=8.454 | tri#=    15 | Re(loop)=0.904 | d=1 corr=0.074  acc(rew)=0.179 | 4477 it/s | ETA 60s
0.740/1.0M | <k>=8.436 | tri#=    16 | Re(loop)=0.876 | d=1 corr=0.128  acc(rew)=0.163 | 4468 it/s | ETA 58s
0.750/1.0M | <k>=8.440 | tri#=    14 | Re(loop)=0.899 | d=1 corr=0.069  acc(rew)=0.183 | 4458 it/s | ETA 56s
0.760/1.0M | <k>=8.464 | tri#=    10 | Re(loop)=0.839 | d=1 corr=0.031  acc(rew)=0.174 | 4450 it/s | ETA 54s
0.770/1.0M | <k>=8.452 | tri#=     9 | Re(loop)=0.830 | d=1 corr=0.064  acc(rew)=0.183 | 4441 it/s | ETA 52s
0.780/1.0M | <k>=8.452 | tri#=    11 | Re(loop)=0.855 | d=1 corr=0.083  acc(rew)=0.151 | 4433 it/s | ETA 50s
0.790/1.0M | <k>=8.476 | tri#=     9 | Re(loop)=0.890 | d=1 corr=0.024  acc(rew)=0.168 | 4425 it/s | ETA 47s
0.800/1.0M | <k>=8.514 | tri#=     8 | Re(loop)=0.841 | d=1 corr=0.068  acc(rew)=0.184 | 4417 it/s | ETA 45s
0.810/1.0M | <k>=8.510 | tri#=    10 | Re(loop)=0.861 | d=1 corr=0.032  acc(rew)=0.203 | 4409 it/s | ETA 43s
0.820/1.0M | <k>=8.466 | tri#=     9 | Re(loop)=0.849 | d=1 corr=0.121  acc(rew)=0.167 | 4403 it/s | ETA 41s
0.830/1.0M | <k>=8.472 | tri#=     9 | Re(loop)=0.801 | d=1 corr=0.063  acc(rew)=0.182 | 4396 it/s | ETA 39s
0.840/1.0M | <k>=8.432 | tri#=     9 | Re(loop)=0.945 | d=1 corr=0.080  acc(rew)=0.196 | 4390 it/s | ETA 36s
0.850/1.0M | <k>=8.464 | tri#=     9 | Re(loop)=0.923 | d=1 corr=0.019  acc(rew)=0.185 | 4382 it/s | ETA 34s
0.860/1.0M | <k>=8.464 | tri#=    11 | Re(loop)=0.817 | d=1 corr=0.079  acc(rew)=0.182 | 4376 it/s | ETA 32s
0.870/1.0M | <k>=8.450 | tri#=    13 | Re(loop)=0.832 | d=1 corr=0.049  acc(rew)=0.186 | 4369 it/s | ETA 30s
0.880/1.0M | <k>=8.406 | tri#=    15 | Re(loop)=0.863 | d=1 corr=0.150  acc(rew)=0.175 | 4364 it/s | ETA 27s
0.890/1.0M | <k>=8.388 | tri#=    16 | Re(loop)=0.817 | d=1 corr=0.036  acc(rew)=0.164 | 4359 it/s | ETA 25s
0.900/1.0M | <k>=8.392 | tri#=    16 | Re(loop)=0.816 | d=1 corr=0.074  acc(rew)=0.185 | 4355 it/s | ETA 23s
0.910/1.0M | <k>=8.398 | tri#=    12 | Re(loop)=0.792 | d=1 corr=0.094  acc(rew)=0.166 | 4350 it/s | ETA 21s
0.920/1.0M | <k>=8.436 | tri#=    12 | Re(loop)=0.798 | d=1 corr=0.080  acc(rew)=0.188 | 4344 it/s | ETA 18s
0.930/1.0M | <k>=8.428 | tri#=    11 | Re(loop)=0.904 | d=1 corr=0.076  acc(rew)=0.178 | 4339 it/s | ETA 16s
0.940/1.0M | <k>=8.454 | tri#=    11 | Re(loop)=0.877 | d=1 corr=0.083  acc(rew)=0.180 | 4334 it/s | ETA 14s
0.950/1.0M | <k>=8.406 | tri#=    10 | Re(loop)=0.838 | d=1 corr=0.050  acc(rew)=0.177 | 4329 it/s | ETA 12s
0.960/1.0M | <k>=8.438 | tri#=     9 | Re(loop)=0.850 | d=1 corr=0.056  acc(rew)=0.166 | 4324 it/s | ETA 9s
0.970/1.0M | <k>=8.428 | tri#=    11 | Re(loop)=0.953 | d=1 corr=0.059  acc(rew)=0.170 | 4320 it/s | ETA 7s
0.980/1.0M | <k>=8.438 | tri#=    15 | Re(loop)=0.937 | d=1 corr=0.033  acc(rew)=0.152 | 4315 it/s | ETA 5s
0.990/1.0M | <k>=8.442 | tri#=    18 | Re(loop)=0.894 | d=1 corr=0.088  acc(rew)=0.165 | 4310 it/s | ETA 2s
1.000/1.0M | <k>=8.434 | tri#=    16 | Re(loop)=0.866 | d=1 corr=-0.001  acc(rew)=0.198 | 4304 it/s | ETA 0s
>> Equilibration done.
>> triangle count (exact): 16
>> Gauge invariance check...
  gauge: max |Δ loop| = 4.441e-16
  gauge: max |Δ corr Re| = 1.776e-15 | max |Δ corr Im| = 1.554e-15
>> Correlator vs hop distance...
>> Quench response (Δρ vs Δcurv) [Running on Copy]...
   quench r(Δρ,Δcurv) ≈ -0.495
>> Light cone (geometry frozen)...
   front fit q=0.80: linear SSE=143, sqrt SSE=166
>> Summary:
   <k>=8.43 | λE_total=-2.500 
   backreaction r(ρ,curv) ≈ 0.072
   xi ≈ nan hops
   triangles = 16
>> Calculacting general relativity.. .
>> Calculating Einstein Geometry (Ollivier-Ricci)...
----------------------------------------
RESULTS:
Slope (Gravitational Coupling G): 0.0382
Intercept (Cosmological Constant): -1.0898
----------------------------------------
>> Calculacting dimensionality.. .
>> Calculating geometry.. .
>> Finished, find all data in folder: runs/2026-01-10_14-09-29_N1000_S1000000_s1
